{"level":"info","message":"Server running on http://localhost:5000","service":"mawada-api","timestamp":"2024-10-25T07:29:53.157Z"}
{"level":"info","message":"MongoDB connected successfully","service":"mawada-api","timestamp":"2024-10-25T07:29:54.882Z"}
{"level":"info","message":"Server running on http://localhost:5000","service":"mawada-api","timestamp":"2024-10-25T07:36:04.961Z"}
{"level":"info","message":"MongoDB connected successfully","service":"mawada-api","timestamp":"2024-10-25T07:36:06.841Z"}
{"level":"info","message":"Server running on http://localhost:5000","service":"mawada-api","timestamp":"2024-10-25T07:47:14.646Z"}
{"level":"info","message":"MongoDB connected successfully","service":"mawada-api","timestamp":"2024-10-25T07:47:16.347Z"}
{"level":"info","message":"Server running on http://localhost:5000","service":"mawada-api","timestamp":"2024-10-25T07:54:37.830Z"}
{"level":"info","message":"MongoDB connected successfully","service":"mawada-api","timestamp":"2024-10-25T07:54:39.447Z"}
{"level":"info","message":"Server running on http://localhost:5000","service":"mawada-api","timestamp":"2024-10-25T07:54:53.725Z"}
{"level":"info","message":"MongoDB connected successfully","service":"mawada-api","timestamp":"2024-10-25T07:54:55.291Z"}
{"level":"info","message":"Server running on http://localhost:5000","service":"mawada-api","timestamp":"2024-10-25T07:55:49.451Z"}
{"level":"info","message":"MongoDB connected successfully","service":"mawada-api","timestamp":"2024-10-25T07:55:51.104Z"}
{"level":"info","message":"Server running on http://localhost:5000","service":"mawada-api","timestamp":"2024-10-25T08:02:51.785Z"}
{"level":"info","message":"MongoDB connected successfully","service":"mawada-api","timestamp":"2024-10-25T08:02:53.617Z"}
{"level":"info","message":"Server running on http://localhost:5000","service":"mawada-api","timestamp":"2024-10-25T08:03:56.910Z"}
{"level":"info","message":"MongoDB connected successfully","service":"mawada-api","timestamp":"2024-10-25T08:03:58.512Z"}
{"level":"info","message":"Server running on http://localhost:5000","service":"mawada-api","timestamp":"2024-10-25T08:46:19.077Z"}
{"level":"info","message":"MongoDB connected successfully","service":"mawada-api","timestamp":"2024-10-25T08:46:20.695Z"}
{"level":"info","message":"Server running on http://localhost:5000","service":"mawada-api","timestamp":"2024-10-29T08:34:35.561Z"}
{"level":"info","message":"MongoDB connected successfully","service":"mawada-api","timestamp":"2024-10-29T08:34:37.254Z"}
{"level":"info","message":"Server running on http://localhost:5000","service":"mawada-api","timestamp":"2024-10-29T08:35:58.244Z"}
{"level":"info","message":"MongoDB connected successfully","service":"mawada-api","timestamp":"2024-10-29T08:35:59.948Z"}
{"level":"info","message":"Server running on http://localhost:5000","service":"mawada-api","timestamp":"2024-10-29T08:38:51.584Z"}
{"level":"info","message":"MongoDB connected successfully","service":"mawada-api","timestamp":"2024-10-29T08:38:53.373Z"}
{"level":"info","message":"Server running on http://localhost:5000","service":"mawada-api","timestamp":"2024-10-29T08:52:41.255Z"}
{"level":"info","message":"MongoDB connected successfully","service":"mawada-api","timestamp":"2024-10-29T08:52:42.852Z"}
{"level":"info","message":"Server running on http://localhost:5000","service":"mawada-api","timestamp":"2024-10-29T08:53:29.222Z"}
{"level":"info","message":"MongoDB connected successfully","service":"mawada-api","timestamp":"2024-10-29T08:53:30.770Z"}
{"level":"info","message":"Server running on http://localhost:5000","service":"mawada-api","timestamp":"2024-10-29T08:54:14.627Z"}
{"level":"info","message":"MongoDB connected successfully","service":"mawada-api","timestamp":"2024-10-29T08:54:16.286Z"}
{"level":"info","message":"Server running on http://localhost:5000","service":"mawada-api","timestamp":"2024-10-29T09:08:13.334Z"}
{"level":"info","message":"MongoDB connected successfully","service":"mawada-api","timestamp":"2024-10-29T09:08:15.076Z"}
{"level":"info","message":"Server running on http://localhost:5000","service":"mawada-api","timestamp":"2024-10-29T09:08:35.188Z"}
{"level":"info","message":"Server running on http://localhost:5000","service":"mawada-api","timestamp":"2024-10-29T09:08:40.690Z"}
{"level":"info","message":"MongoDB connected successfully","service":"mawada-api","timestamp":"2024-10-29T09:08:42.253Z"}
{"level":"info","message":"Server running on http://localhost:5000","service":"mawada-api","timestamp":"2024-10-29T09:09:31.614Z"}
{"level":"info","message":"MongoDB connected successfully","service":"mawada-api","timestamp":"2024-10-29T09:09:33.304Z"}
{"level":"info","message":"Server running on http://localhost:5000","service":"mawada-api","timestamp":"2024-10-29T09:12:38.607Z"}
{"level":"info","message":"MongoDB connected successfully","service":"mawada-api","timestamp":"2024-10-29T09:12:40.288Z"}
{"level":"info","message":"Server running on http://localhost:5000","service":"mawada-api","timestamp":"2024-10-29T09:14:17.902Z"}
{"level":"info","message":"MongoDB connected successfully","service":"mawada-api","timestamp":"2024-10-29T09:14:19.503Z"}
{"level":"info","message":"Server running on http://localhost:5000","service":"mawada-api","timestamp":"2024-10-29T09:35:32.504Z"}
{"level":"info","message":"MongoDB connected successfully","service":"mawada-api","timestamp":"2024-10-29T09:35:34.156Z"}
{"level":"info","message":"Server running on http://localhost:5000","service":"mawada-api","timestamp":"2024-10-29T10:10:31.635Z"}
{"level":"info","message":"MongoDB connected successfully","service":"mawada-api","timestamp":"2024-10-29T10:10:33.232Z"}
{"level":"info","message":"Server running on http://localhost:5000","service":"mawada-api","timestamp":"2024-10-29T10:11:58.534Z"}
{"level":"info","message":"MongoDB connected successfully","service":"mawada-api","timestamp":"2024-10-29T10:12:00.194Z"}
{"level":"info","message":"Server running on http://localhost:5000","service":"mawada-api","timestamp":"2024-10-29T10:12:25.571Z"}
{"level":"info","message":"MongoDB connected successfully","service":"mawada-api","timestamp":"2024-10-29T10:12:27.145Z"}
{"level":"info","message":"Server running on http://localhost:5000","service":"mawada-api","timestamp":"2024-10-29T10:14:50.706Z"}
{"level":"info","message":"MongoDB connected successfully","service":"mawada-api","timestamp":"2024-10-29T10:14:52.385Z"}
{"level":"info","message":"Server running on http://localhost:5000","service":"mawada-api","timestamp":"2024-10-29T10:15:09.618Z"}
{"level":"info","message":"MongoDB connected successfully","service":"mawada-api","timestamp":"2024-10-29T10:15:11.192Z"}
{"level":"info","message":"Server running on http://localhost:5000","service":"mawada-api","timestamp":"2024-10-29T10:15:49.413Z"}
{"level":"info","message":"MongoDB connected successfully","service":"mawada-api","timestamp":"2024-10-29T10:15:50.980Z"}
{"level":"info","message":"Server running on http://localhost:5000","service":"mawada-api","timestamp":"2024-10-29T10:22:21.385Z"}
{"level":"info","message":"MongoDB connected successfully","service":"mawada-api","timestamp":"2024-10-29T10:22:22.962Z"}
{"level":"info","message":"Server running on http://localhost:5000","service":"mawada-api","timestamp":"2024-10-29T10:24:17.007Z"}
{"level":"info","message":"MongoDB connected successfully","service":"mawada-api","timestamp":"2024-10-29T10:24:18.763Z"}
{"level":"info","message":"Server running on http://localhost:5000","service":"mawada-api","timestamp":"2024-10-29T10:28:58.704Z"}
{"level":"info","message":"MongoDB connected successfully","service":"mawada-api","timestamp":"2024-10-29T10:29:00.300Z"}
{"level":"info","message":"Server running on http://localhost:5000","service":"mawada-api","timestamp":"2024-10-29T10:29:15.326Z"}
{"level":"info","message":"MongoDB connected successfully","service":"mawada-api","timestamp":"2024-10-29T10:29:16.899Z"}
{"level":"info","message":"Server running on http://localhost:5000","service":"mawada-api","timestamp":"2024-10-29T10:31:16.553Z"}
{"level":"info","message":"MongoDB connected successfully","service":"mawada-api","timestamp":"2024-10-29T10:31:18.149Z"}
{"level":"info","message":"Server running on http://localhost:5000","service":"mawada-api","timestamp":"2024-10-29T10:32:06.178Z"}
{"level":"info","message":"MongoDB connected successfully","service":"mawada-api","timestamp":"2024-10-29T10:32:07.798Z"}
{"level":"info","message":"Server running on http://localhost:5000","service":"mawada-api","timestamp":"2024-10-29T10:32:41.113Z"}
{"level":"info","message":"Server running on http://localhost:5000","service":"mawada-api","timestamp":"2024-10-29T10:32:46.556Z"}
{"level":"info","message":"Server running on http://localhost:5000","service":"mawada-api","timestamp":"2024-10-29T10:32:51.453Z"}
{"level":"info","message":"MongoDB connected successfully","service":"mawada-api","timestamp":"2024-10-29T10:32:53.026Z"}
{"level":"info","message":"Server running on http://localhost:5000","service":"mawada-api","timestamp":"2024-10-29T10:33:12.318Z"}
{"level":"info","message":"MongoDB connected successfully","service":"mawada-api","timestamp":"2024-10-29T10:33:13.843Z"}
{"level":"info","message":"Server running on http://localhost:5000","service":"mawada-api","timestamp":"2024-10-29T10:34:30.704Z"}
{"level":"info","message":"MongoDB connected successfully","service":"mawada-api","timestamp":"2024-10-29T10:34:32.389Z"}
{"level":"info","message":"Server running on http://localhost:5000","service":"mawada-api","timestamp":"2024-10-29T10:35:11.012Z"}
{"level":"info","message":"MongoDB connected successfully","service":"mawada-api","timestamp":"2024-10-29T10:35:12.575Z"}
{"level":"info","message":"Server running on http://localhost:5000","service":"mawada-api","timestamp":"2024-10-29T10:37:56.544Z"}
{"level":"info","message":"MongoDB connected successfully","service":"mawada-api","timestamp":"2024-10-29T10:37:58.156Z"}
{"level":"info","message":"Server running on http://localhost:5000","service":"mawada-api","timestamp":"2024-10-29T10:41:46.897Z"}
{"level":"info","message":"MongoDB connected successfully","service":"mawada-api","timestamp":"2024-10-29T10:41:48.505Z"}
{"level":"info","message":"Server running on http://localhost:5000","service":"mawada-api","timestamp":"2024-10-29T10:45:01.268Z"}
{"level":"info","message":"Server running on http://localhost:5000","service":"mawada-api","timestamp":"2024-10-29T10:45:09.329Z"}
{"level":"info","message":"MongoDB connected successfully","service":"mawada-api","timestamp":"2024-10-29T10:45:10.901Z"}
{"level":"error","message":"Cannot destructure property 'phoneNumber' of 'req.body' as it is undefined.","service":"mawada-api","stack":"TypeError: Cannot destructure property 'phoneNumber' of 'req.body' as it is undefined.\n    at C:\\Users\\Mahmoud\\Documents\\GitHub\\Mawadi\\src\\controllers\\userController.ts:58:11\n    at asyncUtilWrap (C:\\Users\\Mahmoud\\Documents\\GitHub\\Mawadi\\node_modules\\express-async-handler\\index.js:3:20)\n    at Layer.handle [as handle_request] (C:\\Users\\Mahmoud\\Documents\\GitHub\\Mawadi\\node_modules\\express\\lib\\router\\layer.js:95:5)\n    at next (C:\\Users\\Mahmoud\\Documents\\GitHub\\Mawadi\\node_modules\\express\\lib\\router\\route.js:149:13)\n    at Route.dispatch (C:\\Users\\Mahmoud\\Documents\\GitHub\\Mawadi\\node_modules\\express\\lib\\router\\route.js:119:3)\n    at Layer.handle [as handle_request] (C:\\Users\\Mahmoud\\Documents\\GitHub\\Mawadi\\node_modules\\express\\lib\\router\\layer.js:95:5)\n    at C:\\Users\\Mahmoud\\Documents\\GitHub\\Mawadi\\node_modules\\express\\lib\\router\\index.js:284:15\n    at Function.process_params (C:\\Users\\Mahmoud\\Documents\\GitHub\\Mawadi\\node_modules\\express\\lib\\router\\index.js:346:12)\n    at next (C:\\Users\\Mahmoud\\Documents\\GitHub\\Mawadi\\node_modules\\express\\lib\\router\\index.js:280:10)\n    at Function.handle (C:\\Users\\Mahmoud\\Documents\\GitHub\\Mawadi\\node_modules\\express\\lib\\router\\index.js:175:3)","timestamp":"2024-10-29T10:47:30.512Z"}
{"level":"info","message":"Server running on http://localhost:5000","service":"mawada-api","timestamp":"2024-10-29T10:49:01.561Z"}
{"level":"info","message":"MongoDB connected successfully","service":"mawada-api","timestamp":"2024-10-29T10:49:03.188Z"}
{"level":"info","message":"Server running on http://localhost:5000","service":"mawada-api","timestamp":"2024-10-29T10:50:30.846Z"}
{"level":"info","message":"MongoDB connected successfully","service":"mawada-api","timestamp":"2024-10-29T10:50:32.412Z"}
{"level":"info","message":"Server running on http://localhost:5000","service":"mawada-api","timestamp":"2024-10-29T10:50:50.668Z"}
{"level":"info","message":"MongoDB connected successfully","service":"mawada-api","timestamp":"2024-10-29T10:50:52.225Z"}
{"level":"error","message":"Converting circular structure to JSON\n    --> starting at object with constructor 'Socket'\n    |     property 'parser' -> object with constructor 'HTTPParser'\n    --- property 'socket' closes the circle","service":"mawada-api","stack":"TypeError: Converting circular structure to JSON\n    --> starting at object with constructor 'Socket'\n    |     property 'parser' -> object with constructor 'HTTPParser'\n    --- property 'socket' closes the circle\n    at JSON.stringify (<anonymous>)\n    at stringify (C:\\Users\\Mahmoud\\Documents\\GitHub\\Mawadi\\node_modules\\express\\lib\\response.js:1160:12)\n    at ServerResponse.json (C:\\Users\\Mahmoud\\Documents\\GitHub\\Mawadi\\node_modules\\express\\lib\\response.js:271:14)\n    at ServerResponse.send (C:\\Users\\Mahmoud\\Documents\\GitHub\\Mawadi\\node_modules\\express\\lib\\response.js:162:21)\n    at C:\\Users\\Mahmoud\\Documents\\GitHub\\Mawadi\\src\\controllers\\userController.ts:59:5\n    at asyncUtilWrap (C:\\Users\\Mahmoud\\Documents\\GitHub\\Mawadi\\node_modules\\express-async-handler\\index.js:3:20)\n    at Layer.handle [as handle_request] (C:\\Users\\Mahmoud\\Documents\\GitHub\\Mawadi\\node_modules\\express\\lib\\router\\layer.js:95:5)\n    at next (C:\\Users\\Mahmoud\\Documents\\GitHub\\Mawadi\\node_modules\\express\\lib\\router\\route.js:149:13)\n    at Route.dispatch (C:\\Users\\Mahmoud\\Documents\\GitHub\\Mawadi\\node_modules\\express\\lib\\router\\route.js:119:3)\n    at Layer.handle [as handle_request] (C:\\Users\\Mahmoud\\Documents\\GitHub\\Mawadi\\node_modules\\express\\lib\\router\\layer.js:95:5)","timestamp":"2024-10-29T10:50:56.733Z"}
{"level":"info","message":"Server running on http://localhost:5000","service":"mawada-api","timestamp":"2024-10-29T10:52:23.852Z"}
{"level":"info","message":"MongoDB connected successfully","service":"mawada-api","timestamp":"2024-10-29T10:52:25.458Z"}
{"level":"error","message":"Converting circular structure to JSON\n    --> starting at object with constructor 'Socket'\n    |     property 'parser' -> object with constructor 'HTTPParser'\n    --- property 'socket' closes the circle","service":"mawada-api","stack":"TypeError: Converting circular structure to JSON\n    --> starting at object with constructor 'Socket'\n    |     property 'parser' -> object with constructor 'HTTPParser'\n    --- property 'socket' closes the circle\n    at JSON.stringify (<anonymous>)\n    at stringify (C:\\Users\\Mahmoud\\Documents\\GitHub\\Mawadi\\node_modules\\express\\lib\\response.js:1160:12)\n    at ServerResponse.json (C:\\Users\\Mahmoud\\Documents\\GitHub\\Mawadi\\node_modules\\express\\lib\\response.js:271:14)\n    at C:\\Users\\Mahmoud\\Documents\\GitHub\\Mawadi\\src\\controllers\\userController.ts:59:7\n    at asyncUtilWrap (C:\\Users\\Mahmoud\\Documents\\GitHub\\Mawadi\\node_modules\\express-async-handler\\index.js:3:20)\n    at Layer.handle [as handle_request] (C:\\Users\\Mahmoud\\Documents\\GitHub\\Mawadi\\node_modules\\express\\lib\\router\\layer.js:95:5)\n    at next (C:\\Users\\Mahmoud\\Documents\\GitHub\\Mawadi\\node_modules\\express\\lib\\router\\route.js:149:13)\n    at Route.dispatch (C:\\Users\\Mahmoud\\Documents\\GitHub\\Mawadi\\node_modules\\express\\lib\\router\\route.js:119:3)\n    at Layer.handle [as handle_request] (C:\\Users\\Mahmoud\\Documents\\GitHub\\Mawadi\\node_modules\\express\\lib\\router\\layer.js:95:5)\n    at C:\\Users\\Mahmoud\\Documents\\GitHub\\Mawadi\\node_modules\\express\\lib\\router\\index.js:284:15","timestamp":"2024-10-29T10:52:30.094Z"}
{"level":"info","message":"Server running on http://localhost:5000","service":"mawada-api","timestamp":"2024-10-29T10:53:41.537Z"}
{"level":"info","message":"MongoDB connected successfully","service":"mawada-api","timestamp":"2024-10-29T10:53:43.305Z"}
{"level":"error","message":"Cannot destructure property 'phoneNumber' of 'req.body' as it is undefined.","service":"mawada-api","stack":"TypeError: Cannot destructure property 'phoneNumber' of 'req.body' as it is undefined.\n    at C:\\Users\\Mahmoud\\Documents\\GitHub\\Mawadi\\src\\controllers\\userController.ts:58:11\n    at asyncUtilWrap (C:\\Users\\Mahmoud\\Documents\\GitHub\\Mawadi\\node_modules\\express-async-handler\\index.js:3:20)\n    at Layer.handle [as handle_request] (C:\\Users\\Mahmoud\\Documents\\GitHub\\Mawadi\\node_modules\\express\\lib\\router\\layer.js:95:5)\n    at next (C:\\Users\\Mahmoud\\Documents\\GitHub\\Mawadi\\node_modules\\express\\lib\\router\\route.js:149:13)\n    at Route.dispatch (C:\\Users\\Mahmoud\\Documents\\GitHub\\Mawadi\\node_modules\\express\\lib\\router\\route.js:119:3)\n    at Layer.handle [as handle_request] (C:\\Users\\Mahmoud\\Documents\\GitHub\\Mawadi\\node_modules\\express\\lib\\router\\layer.js:95:5)\n    at C:\\Users\\Mahmoud\\Documents\\GitHub\\Mawadi\\node_modules\\express\\lib\\router\\index.js:284:15\n    at Function.process_params (C:\\Users\\Mahmoud\\Documents\\GitHub\\Mawadi\\node_modules\\express\\lib\\router\\index.js:346:12)\n    at next (C:\\Users\\Mahmoud\\Documents\\GitHub\\Mawadi\\node_modules\\express\\lib\\router\\index.js:280:10)\n    at Function.handle (C:\\Users\\Mahmoud\\Documents\\GitHub\\Mawadi\\node_modules\\express\\lib\\router\\index.js:175:3)","timestamp":"2024-10-29T10:53:43.515Z"}
{"level":"info","message":"Server running on http://localhost:5000","service":"mawada-api","timestamp":"2024-10-29T10:55:16.242Z"}
{"level":"error","message":"Cannot read properties of undefined (reading 'phoneNumber')","service":"mawada-api","stack":"TypeError: Cannot read properties of undefined (reading 'phoneNumber')\n    at C:\\Users\\Mahmoud\\Documents\\GitHub\\Mawadi\\src\\controllers\\userController.ts:58:23\n    at asyncUtilWrap (C:\\Users\\Mahmoud\\Documents\\GitHub\\Mawadi\\node_modules\\express-async-handler\\index.js:3:20)\n    at Layer.handle [as handle_request] (C:\\Users\\Mahmoud\\Documents\\GitHub\\Mawadi\\node_modules\\express\\lib\\router\\layer.js:95:5)\n    at next (C:\\Users\\Mahmoud\\Documents\\GitHub\\Mawadi\\node_modules\\express\\lib\\router\\route.js:149:13)\n    at Route.dispatch (C:\\Users\\Mahmoud\\Documents\\GitHub\\Mawadi\\node_modules\\express\\lib\\router\\route.js:119:3)\n    at Layer.handle [as handle_request] (C:\\Users\\Mahmoud\\Documents\\GitHub\\Mawadi\\node_modules\\express\\lib\\router\\layer.js:95:5)\n    at C:\\Users\\Mahmoud\\Documents\\GitHub\\Mawadi\\node_modules\\express\\lib\\router\\index.js:284:15\n    at Function.process_params (C:\\Users\\Mahmoud\\Documents\\GitHub\\Mawadi\\node_modules\\express\\lib\\router\\index.js:346:12)\n    at next (C:\\Users\\Mahmoud\\Documents\\GitHub\\Mawadi\\node_modules\\express\\lib\\router\\index.js:280:10)\n    at Function.handle (C:\\Users\\Mahmoud\\Documents\\GitHub\\Mawadi\\node_modules\\express\\lib\\router\\index.js:175:3)","timestamp":"2024-10-29T10:55:17.608Z"}
{"level":"info","message":"MongoDB connected successfully","service":"mawada-api","timestamp":"2024-10-29T10:55:17.877Z"}
{"level":"info","message":"Server running on http://localhost:5000","service":"mawada-api","timestamp":"2024-10-29T10:56:56.195Z"}
{"level":"info","message":"MongoDB connected successfully","service":"mawada-api","timestamp":"2024-10-29T10:56:57.859Z"}
{"level":"info","message":"Server running on http://localhost:5000","service":"mawada-api","timestamp":"2024-10-29T10:59:12.843Z"}
{"level":"info","message":"MongoDB connected successfully","service":"mawada-api","timestamp":"2024-10-29T10:59:14.452Z"}
{"level":"info","message":"Server running on http://localhost:5000","service":"mawada-api","timestamp":"2024-10-29T11:02:36.492Z"}
{"level":"info","message":"MongoDB connected successfully","service":"mawada-api","timestamp":"2024-10-29T11:02:38.120Z"}
{"level":"info","message":"Server running on http://localhost:5000","service":"mawada-api","timestamp":"2024-10-29T11:11:54.295Z"}
{"level":"info","message":"MongoDB connected successfully","service":"mawada-api","timestamp":"2024-10-29T11:11:55.910Z"}
{"level":"info","message":"Server running on http://localhost:5000","service":"mawada-api","timestamp":"2024-10-29T11:13:59.962Z"}
{"level":"info","message":"MongoDB connected successfully","service":"mawada-api","timestamp":"2024-10-29T11:14:01.602Z"}
{"level":"info","message":"Server running on http://localhost:5000","service":"mawada-api","timestamp":"2024-10-29T11:14:36.391Z"}
{"level":"info","message":"MongoDB connected successfully","service":"mawada-api","timestamp":"2024-10-29T11:14:37.968Z"}
{"level":"info","message":"Server running on http://localhost:5000","service":"mawada-api","timestamp":"2024-10-29T11:27:00.385Z"}
{"level":"info","message":"MongoDB connected successfully","service":"mawada-api","timestamp":"2024-10-29T11:27:02.021Z"}
{"level":"info","message":"Server running on http://localhost:5000","service":"mawada-api","timestamp":"2024-10-29T11:39:59.971Z"}
{"level":"info","message":"MongoDB connected successfully","service":"mawada-api","timestamp":"2024-10-29T11:40:01.584Z"}
{"level":"info","message":"Server running on http://localhost:5000","service":"mawada-api","timestamp":"2024-10-29T11:41:19.383Z"}
{"level":"info","message":"MongoDB connected successfully","service":"mawada-api","timestamp":"2024-10-29T11:41:21.034Z"}
{"level":"info","message":"Server running on http://localhost:5000","service":"mawada-api","timestamp":"2024-10-29T11:42:01.203Z"}
{"level":"info","message":"MongoDB connected successfully","service":"mawada-api","timestamp":"2024-10-29T11:42:02.770Z"}
{"level":"info","message":"Server running on http://localhost:5000","service":"mawada-api","timestamp":"2024-10-29T11:44:03.827Z"}
{"level":"info","message":"Server running on http://localhost:5000","service":"mawada-api","timestamp":"2024-10-29T11:44:09.523Z"}
{"level":"info","message":"MongoDB connected successfully","service":"mawada-api","timestamp":"2024-10-29T11:44:11.136Z"}
{"level":"info","message":"Server running on http://localhost:5000","service":"mawada-api","timestamp":"2024-10-29T11:45:02.696Z"}
{"level":"info","message":"MongoDB connected successfully","service":"mawada-api","timestamp":"2024-10-29T11:45:04.254Z"}
{"level":"info","message":"Server running on http://localhost:5000","service":"mawada-api","timestamp":"2024-10-29T11:51:58.229Z"}
{"level":"info","message":"MongoDB connected successfully","service":"mawada-api","timestamp":"2024-10-29T11:51:59.825Z"}
{"level":"info","message":"Server running on http://localhost:5000","service":"mawada-api","timestamp":"2024-10-29T12:06:43.251Z"}
{"level":"info","message":"MongoDB connected successfully","service":"mawada-api","timestamp":"2024-10-29T12:06:44.955Z"}
{"level":"info","message":"Server running on http://localhost:5000","service":"mawada-api","timestamp":"2024-10-29T14:21:48.523Z"}
{"level":"info","message":"MongoDB connected successfully","service":"mawada-api","timestamp":"2024-10-29T14:21:50.159Z"}
{"level":"info","message":"Server running on http://localhost:5000","service":"mawada-api","timestamp":"2024-10-29T16:21:50.260Z"}
{"level":"info","message":"MongoDB connected successfully","service":"mawada-api","timestamp":"2024-10-29T16:21:51.983Z"}
{"level":"info","message":"Server running on http://localhost:5000","service":"mawada-api","timestamp":"2024-10-29T16:27:23.579Z"}
{"level":"info","message":"MongoDB connected successfully","service":"mawada-api","timestamp":"2024-10-29T16:27:25.202Z"}
{"level":"info","message":"Server running on http://localhost:5000","service":"mawada-api","timestamp":"2024-10-29T16:31:45.861Z"}
{"level":"info","message":"MongoDB connected successfully","service":"mawada-api","timestamp":"2024-10-29T16:31:47.521Z"}
{"level":"info","message":"Server running on http://localhost:5000","service":"mawada-api","timestamp":"2024-10-31T16:29:07.033Z"}
{"level":"error","message":"Operation `users.findOne()` buffering timed out after 10000ms","service":"mawada-api","stack":"MongooseError: Operation `users.findOne()` buffering timed out after 10000ms\n    at Timeout.<anonymous> (C:\\Users\\Mahmoud\\Documents\\GitHub\\Mawadi\\node_modules\\mongoose\\lib\\drivers\\node-mongodb-native\\collection.js:185:23)\n    at listOnTimeout (node:internal/timers:581:17)\n    at processTimers (node:internal/timers:519:7)","timestamp":"2024-10-31T16:29:23.538Z"}
{"level":"error","message":"MongoDB connection error: connect ETIMEDOUT 10.0.0.1:27017","reason":{"commonWireVersion":0,"compatible":true,"heartbeatFrequencyMS":10000,"localThresholdMS":15,"logicalSessionTimeoutMinutes":30,"maxElectionId":null,"maxSetVersion":null,"servers":{"ac-hj0n7yn-shard-00-00.iedfyey.mongodb.net:27017":{"$clusterTime":{"clusterTime":{"$timestamp":{"i":25,"t":1730392166}},"signature":{"hash":{"$binary":{"base64":"USBNP4ZdzVdZ/HFhoM4XSWLWBrY=","subType":"00"}},"keyId":7396749413965627000}},"address":"ac-hj0n7yn-shard-00-00.iedfyey.mongodb.net:27017","arbiters":[],"electionId":null,"error":null,"hosts":["ac-hj0n7yn-shard-00-00.iedfyey.mongodb.net:27017","ac-hj0n7yn-shard-00-01.iedfyey.mongodb.net:27017","ac-hj0n7yn-shard-00-02.iedfyey.mongodb.net:27017"],"lastUpdateTime":21520167,"lastWriteDate":{"$date":"2024-10-31T16:29:26Z"},"logicalSessionTimeoutMinutes":30,"maxWireVersion":21,"me":"ac-hj0n7yn-shard-00-00.iedfyey.mongodb.net:27017","minRoundTripTime":159,"minWireVersion":0,"passives":[],"primary":"ac-hj0n7yn-shard-00-02.iedfyey.mongodb.net:27017","roundTripTime":270.6666666666667,"setName":"atlas-makbb1-shard-0","setVersion":11,"tags":{"availabilityZone":"use1-az2","diskState":"READY","nodeType":"ELECTABLE","provider":"AWS","region":"US_EAST_1","workloadType":"OPERATIONAL"},"topologyVersion":{"counter":5,"processId":{"$oid":"671fd4b280333864b0910757"}},"type":"RSSecondary"},"ac-hj0n7yn-shard-00-01.iedfyey.mongodb.net:27017":{"$clusterTime":{"clusterTime":{"$timestamp":{"i":21,"t":1730392167}},"signature":{"hash":{"0":217,"1":66,"10":26,"11":56,"12":40,"13":223,"14":69,"15":196,"16":44,"17":2,"18":115,"19":255,"2":135,"3":71,"4":227,"5":178,"6":209,"7":20,"8":231,"9":25},"keyId":7396749413965627000}},"address":"ac-hj0n7yn-shard-00-01.iedfyey.mongodb.net:27017","arbiters":[],"electionId":null,"error":null,"hosts":["ac-hj0n7yn-shard-00-00.iedfyey.mongodb.net:27017","ac-hj0n7yn-shard-00-01.iedfyey.mongodb.net:27017","ac-hj0n7yn-shard-00-02.iedfyey.mongodb.net:27017"],"lastUpdateTime":21521049,"lastWriteDate":{"$date":"2024-10-31T16:29:27Z"},"logicalSessionTimeoutMinutes":30,"maxWireVersion":21,"me":"ac-hj0n7yn-shard-00-01.iedfyey.mongodb.net:27017","minRoundTripTime":0,"minWireVersion":0,"passives":[],"primary":"ac-hj0n7yn-shard-00-02.iedfyey.mongodb.net:27017","roundTripTime":164,"setName":"atlas-makbb1-shard-0","setVersion":11,"tags":{"availabilityZone":"use1-az1","diskState":"READY","nodeType":"ELECTABLE","provider":"AWS","region":"US_EAST_1","workloadType":"OPERATIONAL"},"topologyVersion":{"counter":3,"processId":{"$oid":"671fda69c31261769380d49c"}},"type":"RSSecondary"},"ac-hj0n7yn-shard-00-02.iedfyey.mongodb.net:27017":{"$clusterTime":null,"address":"ac-hj0n7yn-shard-00-02.iedfyey.mongodb.net:27017","arbiters":[],"electionId":null,"error":{},"hosts":[],"lastUpdateTime":21519980,"lastWriteDate":0,"logicalSessionTimeoutMinutes":null,"maxWireVersion":0,"me":null,"minRoundTripTime":0,"minWireVersion":0,"passives":[],"primary":null,"roundTripTime":-1,"setName":null,"setVersion":null,"tags":{},"topologyVersion":null,"type":"Unknown"}},"setName":"atlas-makbb1-shard-0","stale":false,"type":"ReplicaSetNoPrimary"},"service":"mawada-api","stack":"MongooseServerSelectionError: connect ETIMEDOUT 10.0.0.1:27017\n    at _handleConnectionErrors (C:\\Users\\Mahmoud\\Documents\\GitHub\\Mawadi\\node_modules\\mongoose\\lib\\connection.js:909:11)\n    at NativeConnection.openUri (C:\\Users\\Mahmoud\\Documents\\GitHub\\Mawadi\\node_modules\\mongoose\\lib\\connection.js:860:11)","timestamp":"2024-10-31T16:29:37.163Z"}
{"level":"info","message":"Server running on http://localhost:5000","service":"mawada-api","timestamp":"2024-10-31T20:43:42.691Z"}
{"level":"info","message":"MongoDB connected successfully","service":"mawada-api","timestamp":"2024-10-31T20:43:44.357Z"}
{"level":"info","message":"Server running on http://localhost:5000","service":"mawada-api","timestamp":"2024-10-31T20:48:49.450Z"}
{"level":"info","message":"MongoDB connected successfully","service":"mawada-api","timestamp":"2024-10-31T20:48:51.062Z"}
{"level":"error","message":"User validation failed: phoneNumber: Path `phoneNumber` is required.","service":"mawada-api","stack":"ValidationError: User validation failed: phoneNumber: Path `phoneNumber` is required.\n    at model.Document.invalidate (C:\\Users\\Mahmoud\\Documents\\GitHub\\Mawadi\\node_modules\\mongoose\\lib\\document.js:3318:32)\n    at C:\\Users\\Mahmoud\\Documents\\GitHub\\Mawadi\\node_modules\\mongoose\\lib\\document.js:3079:17\n    at C:\\Users\\Mahmoud\\Documents\\GitHub\\Mawadi\\node_modules\\mongoose\\lib\\schemaType.js:1388:9\n    at processTicksAndRejections (node:internal/process/task_queues:77:11)","timestamp":"2024-10-31T20:49:50.087Z"}
{"level":"info","message":"Server running on http://localhost:5000","service":"mawada-api","timestamp":"2024-10-31T20:51:02.767Z"}
{"level":"info","message":"MongoDB connected successfully","service":"mawada-api","timestamp":"2024-10-31T20:51:04.449Z"}
{"level":"info","message":"Server running on http://localhost:5000","service":"mawada-api","timestamp":"2024-10-31T21:10:48.949Z"}
{"level":"info","message":"MongoDB connected successfully","service":"mawada-api","timestamp":"2024-10-31T21:10:50.593Z"}
{"level":"info","message":"Server running on http://localhost:5000","service":"mawada-api","timestamp":"2024-11-01T09:31:15.835Z"}
{"level":"info","message":"MongoDB connected successfully","service":"mawada-api","timestamp":"2024-11-01T09:31:17.450Z"}
{"level":"error","message":"Invalid credentials","service":"mawada-api","stack":"Error: Invalid credentials\n    at C:\\Users\\Mahmoud\\Documents\\GitHub\\Mawadi\\src\\controllers\\userController.ts:56:11","timestamp":"2024-11-01T09:54:24.495Z"}
{"level":"error","message":"Invalid credentials","service":"mawada-api","stack":"Error: Invalid credentials\n    at C:\\Users\\Mahmoud\\Documents\\GitHub\\Mawadi\\src\\controllers\\userController.ts:56:11","timestamp":"2024-11-01T09:55:06.401Z"}
{"level":"error","message":"Invalid credentials","service":"mawada-api","stack":"Error: Invalid credentials\n    at C:\\Users\\Mahmoud\\Documents\\GitHub\\Mawadi\\src\\controllers\\userController.ts:56:11","timestamp":"2024-11-01T09:56:13.789Z"}
{"level":"error","message":"Invalid credentials","service":"mawada-api","stack":"Error: Invalid credentials\n    at C:\\Users\\Mahmoud\\Documents\\GitHub\\Mawadi\\src\\controllers\\userController.ts:56:11","timestamp":"2024-11-01T09:58:56.800Z"}
{"level":"error","message":"Invalid credentials","service":"mawada-api","stack":"Error: Invalid credentials\n    at C:\\Users\\Mahmoud\\Documents\\GitHub\\Mawadi\\src\\controllers\\userController.ts:56:11","timestamp":"2024-11-01T09:59:07.692Z"}
{"level":"info","message":"Server running on http://localhost:5000","service":"mawada-api","timestamp":"2024-11-01T10:00:49.613Z"}
{"level":"info","message":"MongoDB connected successfully","service":"mawada-api","timestamp":"2024-11-01T10:00:51.285Z"}
{"level":"info","message":"Server running on http://localhost:5000","service":"mawada-api","timestamp":"2024-11-01T10:00:57.294Z"}
{"level":"info","message":"MongoDB connected successfully","service":"mawada-api","timestamp":"2024-11-01T10:00:58.894Z"}
{"level":"error","message":"Invalid credentials","service":"mawada-api","stack":"Error: Invalid credentials\n    at C:\\Users\\Mahmoud\\Documents\\GitHub\\Mawadi\\src\\controllers\\userController.ts:55:11","timestamp":"2024-11-01T10:02:39.744Z"}
{"level":"error","message":"Invalid credentials","service":"mawada-api","stack":"Error: Invalid credentials\n    at C:\\Users\\Mahmoud\\Documents\\GitHub\\Mawadi\\src\\controllers\\userController.ts:55:11","timestamp":"2024-11-01T10:08:14.530Z"}
{"level":"info","message":"Server running on http://localhost:5000","service":"mawada-api","timestamp":"2024-11-01T10:08:22.926Z"}
{"level":"info","message":"MongoDB connected successfully","service":"mawada-api","timestamp":"2024-11-01T10:08:24.559Z"}
{"level":"error","message":"Incorrect password","service":"mawada-api","stack":"Error: Incorrect password\n    at C:\\Users\\Mahmoud\\Documents\\GitHub\\Mawadi\\src\\controllers\\userController.ts:55:11","timestamp":"2024-11-01T10:08:24.984Z"}
{"level":"error","message":"Incorrect password","service":"mawada-api","stack":"Error: Incorrect password\n    at C:\\Users\\Mahmoud\\Documents\\GitHub\\Mawadi\\src\\controllers\\userController.ts:55:11","timestamp":"2024-11-01T10:08:36.238Z"}
{"level":"info","message":"Server running on http://localhost:5000","service":"mawada-api","timestamp":"2024-11-01T10:17:30.472Z"}
{"level":"info","message":"MongoDB connected successfully","service":"mawada-api","timestamp":"2024-11-01T10:17:32.086Z"}
{"level":"error","message":"Incorrect password","service":"mawada-api","stack":"Error: Incorrect password\n    at C:\\Users\\Mahmoud\\Documents\\GitHub\\Mawadi\\src\\controllers\\userController.ts:64:11","timestamp":"2024-11-01T10:17:37.670Z"}
{"level":"info","message":"Server running on http://localhost:5000","service":"mawada-api","timestamp":"2024-11-01T10:20:40.242Z"}
{"level":"info","message":"MongoDB connected successfully","service":"mawada-api","timestamp":"2024-11-01T10:20:41.902Z"}
{"level":"info","message":"Server running on http://localhost:5000","service":"mawada-api","timestamp":"2024-11-01T10:21:16.761Z"}
{"level":"info","message":"MongoDB connected successfully","service":"mawada-api","timestamp":"2024-11-01T10:21:18.329Z"}
{"level":"error","message":"User already exists","service":"mawada-api","stack":"Error: User already exists\n    at C:\\Users\\Mahmoud\\Documents\\GitHub\\Mawadi\\src\\controllers\\userController.ts:13:11\n    at processTicksAndRejections (node:internal/process/task_queues:95:5)","timestamp":"2024-11-01T10:22:14.052Z"}
{"level":"info","message":"Server running on http://localhost:5000","service":"mawada-api","timestamp":"2024-11-01T10:24:35.016Z"}
{"level":"info","message":"MongoDB connected successfully","service":"mawada-api","timestamp":"2024-11-01T10:24:36.726Z"}
{"level":"info","message":"Server running on http://localhost:5000","service":"mawada-api","timestamp":"2024-11-01T10:55:47.299Z"}
{"level":"info","message":"MongoDB connected successfully","service":"mawada-api","timestamp":"2024-11-01T10:55:48.974Z"}
{"level":"info","message":"Server running on http://localhost:5000","service":"mawada-api","timestamp":"2024-11-01T11:27:23.007Z"}
{"level":"info","message":"MongoDB connected successfully","service":"mawada-api","timestamp":"2024-11-01T11:27:24.652Z"}
{"level":"info","message":"Server running on http://localhost:5000","service":"mawada-api","timestamp":"2024-11-01T11:29:57.598Z"}
{"level":"info","message":"MongoDB connected successfully","service":"mawada-api","timestamp":"2024-11-01T11:29:59.203Z"}
{"level":"info","message":"Server running on http://localhost:5000","service":"mawada-api","timestamp":"2024-11-01T11:31:05.067Z"}
{"level":"info","message":"MongoDB connected successfully","service":"mawada-api","timestamp":"2024-11-01T11:31:06.694Z"}
{"level":"info","message":"Server running on http://localhost:5000","service":"mawada-api","timestamp":"2024-11-01T11:31:48.307Z"}
{"level":"info","message":"MongoDB connected successfully","service":"mawada-api","timestamp":"2024-11-01T11:31:49.913Z"}
{"level":"info","message":"Server running on http://localhost:5000","service":"mawada-api","timestamp":"2024-11-01T11:32:33.603Z"}
{"level":"info","message":"MongoDB connected successfully","service":"mawada-api","timestamp":"2024-11-01T11:32:35.329Z"}
{"level":"info","message":"Server running on http://localhost:5000","service":"mawada-api","timestamp":"2024-11-01T11:34:07.649Z"}
{"level":"info","message":"MongoDB connected successfully","service":"mawada-api","timestamp":"2024-11-01T11:34:09.286Z"}
{"level":"info","message":"Server running on http://localhost:5000","service":"mawada-api","timestamp":"2024-11-01T11:34:43.197Z"}
{"level":"info","message":"MongoDB connected successfully","service":"mawada-api","timestamp":"2024-11-01T11:34:44.810Z"}
{"level":"info","message":"Server running on http://localhost:5000","service":"mawada-api","timestamp":"2024-11-03T10:08:17.959Z"}
{"level":"info","message":"MongoDB connected successfully","service":"mawada-api","timestamp":"2024-11-03T10:08:19.524Z"}
{"level":"info","message":"Server running on http://localhost:5000","service":"mawada-api","timestamp":"2024-11-03T13:06:51.108Z"}
{"level":"info","message":"MongoDB connected successfully","service":"mawada-api","timestamp":"2024-11-03T13:06:52.724Z"}
{"level":"info","message":"Server running on http://localhost:5000","service":"mawada-api","timestamp":"2024-11-03T13:10:18.228Z"}
{"level":"info","message":"MongoDB connected successfully","service":"mawada-api","timestamp":"2024-11-03T13:10:19.823Z"}
{"level":"info","message":"Server running on http://localhost:5000","service":"mawada-api","timestamp":"2024-11-03T13:11:06.003Z"}
{"level":"info","message":"MongoDB connected successfully","service":"mawada-api","timestamp":"2024-11-03T13:11:07.617Z"}
{"level":"info","message":"Server running on http://localhost:5000","service":"mawada-api","timestamp":"2024-11-03T13:13:31.048Z"}
{"level":"info","message":"MongoDB connected successfully","service":"mawada-api","timestamp":"2024-11-03T13:13:32.654Z"}
{"level":"info","message":"Server running on http://localhost:5000","service":"mawada-api","timestamp":"2024-11-03T13:14:48.321Z"}
{"level":"info","message":"MongoDB connected successfully","service":"mawada-api","timestamp":"2024-11-03T13:14:49.923Z"}
{"level":"info","message":"Server running on http://localhost:5000","service":"mawada-api","timestamp":"2024-11-03T13:30:06.073Z"}
{"level":"info","message":"MongoDB connected successfully","service":"mawada-api","timestamp":"2024-11-03T13:30:07.735Z"}
{"level":"info","message":"Server running on http://localhost:5000","service":"mawada-api","timestamp":"2024-11-03T13:33:18.000Z"}
{"level":"info","message":"MongoDB connected successfully","service":"mawada-api","timestamp":"2024-11-03T13:33:19.602Z"}
{"level":"info","message":"Server running on http://localhost:5000","service":"mawada-api","timestamp":"2024-11-03T13:41:49.036Z"}
{"level":"info","message":"MongoDB connected successfully","service":"mawada-api","timestamp":"2024-11-03T13:41:50.654Z"}
{"level":"info","message":"Server running on http://localhost:5000","service":"mawada-api","timestamp":"2024-11-04T10:32:19.506Z"}
{"level":"info","message":"MongoDB connected successfully","service":"mawada-api","timestamp":"2024-11-04T10:32:21.095Z"}
{"level":"info","message":"Server running on http://localhost:5000","service":"mawada-api","timestamp":"2024-11-04T10:34:19.687Z"}
{"level":"info","message":"MongoDB connected successfully","service":"mawada-api","timestamp":"2024-11-04T10:34:21.290Z"}
{"level":"info","message":"Server running on http://localhost:5000","service":"mawada-api","timestamp":"2024-11-04T10:34:28.140Z"}
{"level":"info","message":"MongoDB connected successfully","service":"mawada-api","timestamp":"2024-11-04T10:34:29.660Z"}
{"level":"info","message":"Server running on http://localhost:5000","service":"mawada-api","timestamp":"2024-11-04T10:34:42.257Z"}
{"level":"info","message":"MongoDB connected successfully","service":"mawada-api","timestamp":"2024-11-04T10:34:43.828Z"}
{"level":"info","message":"Server running on http://localhost:5000","service":"mawada-api","timestamp":"2024-11-04T10:34:59.856Z"}
{"level":"info","message":"MongoDB connected successfully","service":"mawada-api","timestamp":"2024-11-04T10:35:01.390Z"}
{"level":"info","message":"Server running on http://localhost:5000","service":"mawada-api","timestamp":"2024-11-04T10:35:19.237Z"}
{"level":"info","message":"MongoDB connected successfully","service":"mawada-api","timestamp":"2024-11-04T10:35:20.796Z"}
{"level":"info","message":"Server running on http://localhost:5000","service":"mawada-api","timestamp":"2024-11-04T10:40:34.980Z"}
{"level":"info","message":"MongoDB connected successfully","service":"mawada-api","timestamp":"2024-11-04T10:40:36.584Z"}
{"level":"info","message":"Server running on http://localhost:5000","service":"mawada-api","timestamp":"2024-11-04T10:44:16.910Z"}
{"level":"info","message":"MongoDB connected successfully","service":"mawada-api","timestamp":"2024-11-04T10:44:18.544Z"}
{"level":"info","message":"Server running on http://localhost:5000","service":"mawada-api","timestamp":"2024-11-04T10:53:06.338Z"}
{"level":"info","message":"MongoDB connected successfully","service":"mawada-api","timestamp":"2024-11-04T10:53:07.924Z"}
{"level":"info","message":"Server running on http://localhost:5000","service":"mawada-api","timestamp":"2024-11-04T10:53:46.106Z"}
{"level":"info","message":"MongoDB connected successfully","service":"mawada-api","timestamp":"2024-11-04T10:53:47.650Z"}
{"level":"info","message":"Server running on http://localhost:5000","service":"mawada-api","timestamp":"2024-11-04T10:54:03.074Z"}
{"level":"info","message":"MongoDB connected successfully","service":"mawada-api","timestamp":"2024-11-04T10:54:04.701Z"}
{"level":"info","message":"Server running on http://localhost:5000","service":"mawada-api","timestamp":"2024-11-04T10:54:20.553Z"}
{"level":"info","message":"MongoDB connected successfully","service":"mawada-api","timestamp":"2024-11-04T10:54:22.129Z"}
